<?xml version="1.0" encoding="UTF-8"?>
<!-- Generated by org.testng.reporters.JUnitXMLReporter -->
<testsuite ignored="0" hostname="MUTHURAMAN-LAPTOP" failures="0" tests="2" name="Error Validations Test" time="13.523" errors="0" timestamp="2022-11-26T20:06:29 IST">
  <testcase classname="rahulshettyacademy.tests.ErrorValidationsTest" name="LoginErrorValidation" time="0.447"/>
  <testcase classname="rahulshettyacademy.tests.ErrorValidationsTest" name="ProductErrorValidation" time="2.096"/>
</testsuite> <!-- Error Validations Test -->
